********************************************************************************
DUPLICATOR-LITE PACKAGE-LOG: October 18, 2024 1:27 pm
NOTICE: Do NOT post to public sites or forums 
********************************************************************************
VERSION:	1.5.11.1
WORDPRESS:	6.6.2
PHP INFO:	7.4.2 | SAPI: apache2handler
SERVER:		Apache/2.4.41 (Win64) OpenSSL/1.1.1c PHP/7.4.2 
PHP TIME LIMIT: (0) no time limit imposed 
PHP MAX MEMORY: 4294967296 (512M default) 
MEMORY STACK: 14MB

********************************************************************************
DATABASE:
********************************************************************************
BUILD MODE:   MYSQLDUMP
MYSQLTIMEOUT: 5000
MYSQLDUMP:    Is Supported
SQL CREATED: 20241018_flowify_b8222c5b3cece4ca5018_20241018132737_database.sql
SQL FILE SIZE: 3.88MB (4069220)
SQL FILE TIME: 2024-10-18 13:27:53
SQL RUNTIME: 7.07 sec.

********************************************************************************
ARCHIVE (ZIP):
********************************************************************************
ARCHIVE DIR:  C:/xampp/htdocs/wordpress
ARCHIVE FILE: 20241018_flowify_b8222c5b3cece4ca5018_20241018132737_archive.zip
FILTERS: *OFF*
DIRS:
	not set
FILES:
	not set
EXTS:  not set
----------------------------------------
COMPRESSING
SIZE:	116.94MB
STATS:	Dirs 612 | Files 4,627
SQL ADDED: 20241018_flowify_b8222c5b3cece4ca5018_20241018132737_database.sql
ZipArchive Object
(
    [status] => 0
    [statusSys] => 0
    [numFiles] => 5239
    [filename] => C:\xampp\htdocs\wordpress\wp-content\backups-dup-lite\tmp\20241018_flowify_b8222c5b3cece4ca5018_20241018132737_archive.zip
    [comment] => 
)

FILE ADDED TO ZIP: 5238
COMPRESSION RESULT: '1'
COMPRESSED SIZE: 59.59MB
ARCHIVE RUNTIME: 66.18 sec.
MEMORY STACK: 16MB
building installer
ARCHIVE CONSISTENCY TEST: PASS

********************************************************************************
INTEGRITY CHECKS:
********************************************************************************
SQL FILE: 3.88MB
INSTALLER FILE: 73.47KB
ARCHIVE FILE: 61.44MB 
EXPECTED FILE/DIRECTORY COUNT: 5,239
ACTUAL FILE/DIRECTORY COUNT: 5,238
ARCHIVE CONSISTENCY TEST: Pass

********************************************************************************
RECORD ID:[1]
TOTAL PROCESS RUNTIME: 74.68 sec.
PEAK PHP MEMORY USED: 18MB
DONE PROCESSING => 20241018_flowify October 18, 2024 1:29 pm

